<?xml version="1.0" encoding="UTF-8"?>
<testng-results ignored="0" total="1" passed="1" failed="0" skipped="0">
  <reporter-output>
  </reporter-output>
  <suite started-at="2023-12-31T15:29:58 IST" name="Default suite" finished-at="2023-12-31T15:30:00 IST" duration-ms="1184">
    <groups>
    </groups>
    <test started-at="2023-12-31T15:29:58 IST" name="Default test" finished-at="2023-12-31T15:30:00 IST" duration-ms="1184">
      <class name="datadriven.ExcelDatadrive">
        <test-method signature="Exceldataread()[pri:0, instance:datadriven.ExcelDatadrive@5158b42f]" started-at="2023-12-31T15:29:59 IST" name="Exceldataread" finished-at="2023-12-31T15:30:00 IST" duration-ms="1119" status="PASS">
          <reporter-output>
          </reporter-output>
        </test-method> <!-- Exceldataread -->
      </class> <!-- datadriven.ExcelDatadrive -->
    </test> <!-- Default test -->
  </suite> <!-- Default suite -->
</testng-results>
